c:\users\leedeukyu\desktop\github\gameserver\server\gameserver\x64\debug\vc142.pdb
c:\users\leedeukyu\desktop\github\gameserver\server\gameserver\x64\debug\vc142.idb
c:\users\leedeukyu\desktop\github\gameserver\server\gameserver\x64\debug\gamesession.obj
c:\users\leedeukyu\desktop\github\gameserver\server\gameserver\x64\debug\gameserver.obj
c:\users\leedeukyu\desktop\github\gameserver\server\gameserver\x64\debug\clientpackethandler.obj
c:\users\leedeukyu\desktop\github\gameserver\server\gameserver\x64\debug\gameserver.pch
c:\users\leedeukyu\desktop\github\gameserver\server\gameserver\x64\debug\pch.obj
c:\users\leedeukyu\desktop\github\gameserver\server\gameserver\x64\debug\struct.pb.obj
c:\users\leedeukyu\desktop\github\gameserver\server\gameserver\x64\debug\protocol.pb.obj
c:\users\leedeukyu\desktop\github\gameserver\server\gameserver\x64\debug\enum.pb.obj
c:\users\leedeukyu\desktop\github\gameserver\server\gameserver\x64\debug\gamesessionmanager.obj
c:\users\leedeukyu\desktop\github\gameserver\server\binary\debug\gameserver.pdb
c:\users\leedeukyu\desktop\github\gameserver\server\gameserver\x64\debug\gameserver.tlog\cl.command.1.tlog
c:\users\leedeukyu\desktop\github\gameserver\server\gameserver\x64\debug\gameserver.tlog\cl.read.1.tlog
c:\users\leedeukyu\desktop\github\gameserver\server\gameserver\x64\debug\gameserver.tlog\cl.write.1.tlog
c:\users\leedeukyu\desktop\github\gameserver\server\gameserver\x64\debug\gameserver.tlog\link-cvtres.read.1.tlog
c:\users\leedeukyu\desktop\github\gameserver\server\gameserver\x64\debug\gameserver.tlog\link-cvtres.write.1.tlog
c:\users\leedeukyu\desktop\github\gameserver\server\gameserver\x64\debug\gameserver.tlog\link-rc.read.1.tlog
c:\users\leedeukyu\desktop\github\gameserver\server\gameserver\x64\debug\gameserver.tlog\link-rc.write.1.tlog
c:\users\leedeukyu\desktop\github\gameserver\server\gameserver\x64\debug\gameserver.tlog\link.24980-cvtres.read.1.tlog
c:\users\leedeukyu\desktop\github\gameserver\server\gameserver\x64\debug\gameserver.tlog\link.24980-cvtres.write.1.tlog
c:\users\leedeukyu\desktop\github\gameserver\server\gameserver\x64\debug\gameserver.tlog\link.24980-rc.read.1.tlog
c:\users\leedeukyu\desktop\github\gameserver\server\gameserver\x64\debug\gameserver.tlog\link.24980-rc.write.1.tlog
c:\users\leedeukyu\desktop\github\gameserver\server\gameserver\x64\debug\gameserver.tlog\link.24980.read.1.tlog
c:\users\leedeukyu\desktop\github\gameserver\server\gameserver\x64\debug\gameserver.tlog\link.24980.write.1.tlog
c:\users\leedeukyu\desktop\github\gameserver\server\gameserver\x64\debug\gameserver.tlog\link.command.1.tlog
c:\users\leedeukyu\desktop\github\gameserver\server\gameserver\x64\debug\gameserver.tlog\link.read.1.tlog
c:\users\leedeukyu\desktop\github\gameserver\server\gameserver\x64\debug\gameserver.tlog\link.write.1.tlog
